<?xml version="1.0" encoding="UTF-8"?>
<!-- Generated by org.testng.reporters.JUnitXMLReporter -->
<testsuite hostname="Akash" ignored="0" name="Default test" tests="4" failures="0" timestamp="25 Jan 2020 09:29:05 GMT" time="3.049" errors="0">
  <testcase name="createTodo" time="2.814" classname="com.todo.app.todoappapiautomation.AppTest"/>
  <testcase name="deleteTodo" time="0.065" classname="com.todo.app.todoappapiautomation.AppTest"/>
  <testcase name="testTodo" time="0.078" classname="com.todo.app.todoappapiautomation.AppTest"/>
  <testcase name="updateTodo" time="0.036" classname="com.todo.app.todoappapiautomation.AppTest"/>
</testsuite> <!-- Default test -->
